0 info it worked if it ends with ok
1 verbose cli [ '/home/yimeng/node/bin/node',
1 verbose cli   '/usr/local/bin/npm',
1 verbose cli   'run',
1 verbose cli   'service:dev' ]
2 info using npm@3.8.9
3 info using node@v6.2.0
4 verbose stack Error: missing script: service:dev
4 verbose stack     at run (/home/yimeng/node/lib/node_modules/npm/lib/run-script.js:150:19)
4 verbose stack     at /home/yimeng/node/lib/node_modules/npm/lib/run-script.js:60:5
4 verbose stack     at /home/yimeng/node/lib/node_modules/npm/node_modules/read-package-json/read-json.js:356:5
4 verbose stack     at checkBinReferences_ (/home/yimeng/node/lib/node_modules/npm/node_modules/read-package-json/read-json.js:320:45)
4 verbose stack     at final (/home/yimeng/node/lib/node_modules/npm/node_modules/read-package-json/read-json.js:354:3)
4 verbose stack     at then (/home/yimeng/node/lib/node_modules/npm/node_modules/read-package-json/read-json.js:124:5)
4 verbose stack     at /home/yimeng/node/lib/node_modules/npm/node_modules/read-package-json/read-json.js:243:12
4 verbose stack     at /home/yimeng/node/lib/node_modules/npm/node_modules/graceful-fs/graceful-fs.js:78:16
4 verbose stack     at tryToString (fs.js:449:3)
4 verbose stack     at FSReqWrap.readFileAfterClose [as oncomplete] (fs.js:436:12)
5 verbose cwd /home/yimeng/angular2/angular2-webpack-starter
6 error Linux 4.4.0-45-generic
7 error argv "/home/yimeng/node/bin/node" "/usr/local/bin/npm" "run" "service:dev"
8 error node v6.2.0
9 error npm  v3.8.9
10 error missing script: service:dev
11 error If you need help, you may report this error at:
11 error     <https://github.com/npm/npm/issues>
12 verbose exit [ 1, true ]
